<!doctype html>
<html lang="en"><head><meta charSet="utf-8"/><meta http-equiv="X-UA-Compatible" content="IE=edge"/><meta name="viewport" content="width=device-width, initial-scale=1"/><title>Mochawesome Report</title><link rel="stylesheet" href="assets\app.css"/></head><body data-raw="{&quot;stats&quot;:{&quot;suites&quot;:1,&quot;tests&quot;:18,&quot;passes&quot;:0,&quot;pending&quot;:0,&quot;failures&quot;:18,&quot;start&quot;:&quot;2022-08-24T17:15:50.633Z&quot;,&quot;end&quot;:&quot;2022-08-24T17:16:02.526Z&quot;,&quot;duration&quot;:11893,&quot;testsRegistered&quot;:18,&quot;passPercent&quot;:0,&quot;pendingPercent&quot;:0,&quot;other&quot;:0,&quot;hasOther&quot;:false,&quot;skipped&quot;:0,&quot;hasSkipped&quot;:false},&quot;results&quot;:[{&quot;uuid&quot;:&quot;0268b12e-df43-4b0d-ba4b-315dc52579b5&quot;,&quot;title&quot;:&quot;&quot;,&quot;fullFile&quot;:&quot;C:\\Users\\HP\\Desktop\\Dufuna-CodeCamp-21\\tests\\landing_page\\landing_page.js&quot;,&quot;file&quot;:&quot;\\landing_page.js&quot;,&quot;beforeHooks&quot;:[],&quot;afterHooks&quot;:[],&quot;tests&quot;:[],&quot;suites&quot;:[{&quot;uuid&quot;:&quot;69938942-d935-4579-a6b0-317996600091&quot;,&quot;title&quot;:&quot;Testing Scholars Project&quot;,&quot;fullFile&quot;:&quot;C:\\Users\\HP\\Desktop\\Dufuna-CodeCamp-21\\tests\\landing_page\\landing_page.js&quot;,&quot;file&quot;:&quot;\\landing_page.js&quot;,&quot;beforeHooks&quot;:[{&quot;title&quot;:&quot;\&quot;before all\&quot; hook: setupWebdriver in \&quot;Testing Scholars Project\&quot;&quot;,&quot;fullTitle&quot;:&quot;Testing Scholars Project \&quot;before all\&quot; hook: setupWebdriver in \&quot;Testing Scholars Project\&quot;&quot;,&quot;timedOut&quot;:false,&quot;duration&quot;:10987,&quot;pass&quot;:false,&quot;fail&quot;:false,&quot;pending&quot;:false,&quot;code&quot;:&quot;var file_url = `file://${file_path}`;\ndriver.get(file_url).then(done);&quot;,&quot;err&quot;:{},&quot;uuid&quot;:&quot;ec1fa8d6-b257-4c16-bfa6-ce7479b135d4&quot;,&quot;parentUUID&quot;:&quot;69938942-d935-4579-a6b0-317996600091&quot;,&quot;isHook&quot;:true,&quot;skipped&quot;:false}],&quot;afterHooks&quot;:[{&quot;title&quot;:&quot;\&quot;after all\&quot; hook in \&quot;Testing Scholars Project\&quot;&quot;,&quot;fullTitle&quot;:&quot;Testing Scholars Project \&quot;after all\&quot; hook in \&quot;Testing Scholars Project\&quot;&quot;,&quot;timedOut&quot;:false,&quot;duration&quot;:1,&quot;pass&quot;:false,&quot;fail&quot;:false,&quot;pending&quot;:false,&quot;code&quot;:&quot;driver.quit();&quot;,&quot;err&quot;:{},&quot;uuid&quot;:&quot;fd2979b3-2f92-4f27-99cc-392f99e704bf&quot;,&quot;parentUUID&quot;:&quot;69938942-d935-4579-a6b0-317996600091&quot;,&quot;isHook&quot;:true,&quot;skipped&quot;:false}],&quot;tests&quot;:[{&quot;title&quot;:&quot;test case: FoodBag Logo is present&quot;,&quot;fullTitle&quot;:&quot;Testing Scholars Project test case: FoodBag Logo is present&quot;,&quot;timedOut&quot;:false,&quot;duration&quot;:249,&quot;state&quot;:&quot;failed&quot;,&quot;pass&quot;:false,&quot;fail&quot;:true,&quot;pending&quot;:false,&quot;code&quot;:&quot;const name = await driver.findElement(By.css(\&quot;body\&quot;));\nconst text = await name.getText();\nassert.include(text, \&quot;Food\&quot;, `Ensure \&quot;food bag\&quot; text is present on header`);&quot;,&quot;err&quot;:{&quot;message&quot;:&quot;AssertionError: Ensure \&quot;food bag\&quot; text is present on header: expected &#x27;Your file couldn’t be accessed\\nIt ma…&#x27; to include &#x27;Food&#x27;&quot;,&quot;estack&quot;:&quot;AssertionError: Ensure \&quot;food bag\&quot; text is present on header: expected &#x27;Your file couldn’t be accessed\\nIt ma…&#x27; to include &#x27;Food&#x27;\n    at Context.&lt;anonymous&gt; (landing_page.js:24:20)\n    at processTicksAndRejections (internal/process/task_queues.js:93:5)&quot;},&quot;uuid&quot;:&quot;ce658572-e23b-4ad3-8569-cdd56c307c0e&quot;,&quot;parentUUID&quot;:&quot;69938942-d935-4579-a6b0-317996600091&quot;,&quot;isHook&quot;:false,&quot;skipped&quot;:false},{&quot;title&quot;:&quot;test case: FoodBag Logo is present&quot;,&quot;fullTitle&quot;:&quot;Testing Scholars Project test case: FoodBag Logo is present&quot;,&quot;timedOut&quot;:false,&quot;duration&quot;:55,&quot;state&quot;:&quot;failed&quot;,&quot;pass&quot;:false,&quot;fail&quot;:true,&quot;pending&quot;:false,&quot;code&quot;:&quot;const name = await driver.findElement(By.css(\&quot;body\&quot;));\nconst text = await name.getText();\nassert.include(text, \&quot;Bag\&quot;, `Ensure \&quot;food bag\&quot; text is present on header`);&quot;,&quot;err&quot;:{&quot;message&quot;:&quot;AssertionError: Ensure \&quot;food bag\&quot; text is present on header: expected &#x27;Your file couldn’t be accessed\\nIt ma…&#x27; to include &#x27;Bag&#x27;&quot;,&quot;estack&quot;:&quot;AssertionError: Ensure \&quot;food bag\&quot; text is present on header: expected &#x27;Your file couldn’t be accessed\\nIt ma…&#x27; to include &#x27;Bag&#x27;\n    at Context.&lt;anonymous&gt; (landing_page.js:30:20)\n    at processTicksAndRejections (internal/process/task_queues.js:93:5)&quot;},&quot;uuid&quot;:&quot;d18699b2-d3bc-4b53-9608-7f5d9bc852e2&quot;,&quot;parentUUID&quot;:&quot;69938942-d935-4579-a6b0-317996600091&quot;,&quot;isHook&quot;:false,&quot;skipped&quot;:false},{&quot;title&quot;:&quot;test case: FoodBag text is present on the page&quot;,&quot;fullTitle&quot;:&quot;Testing Scholars Project test case: FoodBag text is present on the page&quot;,&quot;timedOut&quot;:false,&quot;duration&quot;:31,&quot;state&quot;:&quot;failed&quot;,&quot;pass&quot;:false,&quot;fail&quot;:true,&quot;pending&quot;:false,&quot;code&quot;:&quot;const name = await driver.findElement(By.css(\&quot;body\&quot;));\nconst text = await name.getText();\nassert.include(text, \&quot;FoodBag\&quot;, `Ensure \&quot;FoodBag\&quot; text is present`);&quot;,&quot;err&quot;:{&quot;message&quot;:&quot;AssertionError: Ensure \&quot;FoodBag\&quot; text is present: expected &#x27;Your file couldn’t be accessed\\nIt ma…&#x27; to include &#x27;FoodBag&#x27;&quot;,&quot;estack&quot;:&quot;AssertionError: Ensure \&quot;FoodBag\&quot; text is present: expected &#x27;Your file couldn’t be accessed\\nIt ma…&#x27; to include &#x27;FoodBag&#x27;\n    at Context.&lt;anonymous&gt; (landing_page.js:36:20)\n    at processTicksAndRejections (internal/process/task_queues.js:93:5)&quot;},&quot;uuid&quot;:&quot;c625808a-8915-4774-8184-e5c591152d18&quot;,&quot;parentUUID&quot;:&quot;69938942-d935-4579-a6b0-317996600091&quot;,&quot;isHook&quot;:false,&quot;skipped&quot;:false},{&quot;title&quot;:&quot;test case: check Login&quot;,&quot;fullTitle&quot;:&quot;Testing Scholars Project test case: check Login&quot;,&quot;timedOut&quot;:false,&quot;duration&quot;:27,&quot;state&quot;:&quot;failed&quot;,&quot;pass&quot;:false,&quot;fail&quot;:true,&quot;pending&quot;:false,&quot;code&quot;:&quot;const element = await driver.findElement(By.css(\&quot;body\&quot;))\nconst text = await element.getText();\nassert.include(text, \&quot;Login\&quot;, \&quot;Ensure the `Login` link is present on the header\&quot;);&quot;,&quot;err&quot;:{&quot;message&quot;:&quot;AssertionError: Ensure the `Login` link is present on the header: expected &#x27;Your file couldn’t be accessed\\nIt ma…&#x27; to include &#x27;Login&#x27;&quot;,&quot;estack&quot;:&quot;AssertionError: Ensure the `Login` link is present on the header: expected &#x27;Your file couldn’t be accessed\\nIt ma…&#x27; to include &#x27;Login&#x27;\n    at Context.&lt;anonymous&gt; (landing_page.js:43:20)\n    at processTicksAndRejections (internal/process/task_queues.js:93:5)&quot;},&quot;uuid&quot;:&quot;32e7879a-8ff0-47f6-afa1-72528e99e466&quot;,&quot;parentUUID&quot;:&quot;69938942-d935-4579-a6b0-317996600091&quot;,&quot;isHook&quot;:false,&quot;skipped&quot;:false},{&quot;title&quot;:&quot;test case: check Cart&quot;,&quot;fullTitle&quot;:&quot;Testing Scholars Project test case: check Cart&quot;,&quot;timedOut&quot;:false,&quot;duration&quot;:25,&quot;state&quot;:&quot;failed&quot;,&quot;pass&quot;:false,&quot;fail&quot;:true,&quot;pending&quot;:false,&quot;code&quot;:&quot;const element = await driver.findElement(By.css(\&quot;body\&quot;))\nconst text = await element.getText();\nassert.include(text, \&quot;Cart\&quot;, \&quot;Ensure the `Cart` link is present on the header\&quot;);&quot;,&quot;err&quot;:{&quot;message&quot;:&quot;AssertionError: Ensure the `Cart` link is present on the header: expected &#x27;Your file couldn’t be accessed\\nIt ma…&#x27; to include &#x27;Cart&#x27;&quot;,&quot;estack&quot;:&quot;AssertionError: Ensure the `Cart` link is present on the header: expected &#x27;Your file couldn’t be accessed\\nIt ma…&#x27; to include &#x27;Cart&#x27;\n    at Context.&lt;anonymous&gt; (landing_page.js:49:20)\n    at processTicksAndRejections (internal/process/task_queues.js:93:5)&quot;},&quot;uuid&quot;:&quot;3b660fc6-6e56-4bb5-ae91-feb1471b7de2&quot;,&quot;parentUUID&quot;:&quot;69938942-d935-4579-a6b0-317996600091&quot;,&quot;isHook&quot;:false,&quot;skipped&quot;:false},{&quot;title&quot;:&quot;test case: check Sign up&quot;,&quot;fullTitle&quot;:&quot;Testing Scholars Project test case: check Sign up&quot;,&quot;timedOut&quot;:false,&quot;duration&quot;:27,&quot;state&quot;:&quot;failed&quot;,&quot;pass&quot;:false,&quot;fail&quot;:true,&quot;pending&quot;:false,&quot;code&quot;:&quot;const element = await driver.findElement(By.css(\&quot;body\&quot;))\nconst text = await element.getText();\nassert.include(text, \&quot;Sign up\&quot;, \&quot;Ensure the `Sign up` link is present on the header\&quot;);&quot;,&quot;err&quot;:{&quot;message&quot;:&quot;AssertionError: Ensure the `Sign up` link is present on the header: expected &#x27;Your file couldn’t be accessed\\nIt ma…&#x27; to include &#x27;Sign up&#x27;&quot;,&quot;estack&quot;:&quot;AssertionError: Ensure the `Sign up` link is present on the header: expected &#x27;Your file couldn’t be accessed\\nIt ma…&#x27; to include &#x27;Sign up&#x27;\n    at Context.&lt;anonymous&gt; (landing_page.js:55:20)\n    at processTicksAndRejections (internal/process/task_queues.js:93:5)&quot;},&quot;uuid&quot;:&quot;edfcbaf3-c709-4983-ae26-86145b39fd8d&quot;,&quot;parentUUID&quot;:&quot;69938942-d935-4579-a6b0-317996600091&quot;,&quot;isHook&quot;:false,&quot;skipped&quot;:false},{&quot;title&quot;:&quot;test case: check service-descrption1&quot;,&quot;fullTitle&quot;:&quot;Testing Scholars Project test case: check service-descrption1&quot;,&quot;timedOut&quot;:false,&quot;duration&quot;:25,&quot;state&quot;:&quot;failed&quot;,&quot;pass&quot;:false,&quot;fail&quot;:true,&quot;pending&quot;:false,&quot;code&quot;:&quot;const element = await driver.findElement(By.css(\&quot;body\&quot;))\nconst text = await element.getText();\nassert.include(text, \&quot;Pick an interest\&quot;, \&quot;Ensure Quantity label is present\&quot;);&quot;,&quot;err&quot;:{&quot;message&quot;:&quot;AssertionError: Ensure Quantity label is present: expected &#x27;Your file couldn’t be accessed\\nIt ma…&#x27; to include &#x27;Pick an interest&#x27;&quot;,&quot;estack&quot;:&quot;AssertionError: Ensure Quantity label is present: expected &#x27;Your file couldn’t be accessed\\nIt ma…&#x27; to include &#x27;Pick an interest&#x27;\n    at Context.&lt;anonymous&gt; (landing_page.js:61:20)\n    at processTicksAndRejections (internal/process/task_queues.js:93:5)&quot;},&quot;uuid&quot;:&quot;fc214913-b5e8-46e4-a9a2-8382071f6694&quot;,&quot;parentUUID&quot;:&quot;69938942-d935-4579-a6b0-317996600091&quot;,&quot;isHook&quot;:false,&quot;skipped&quot;:false},{&quot;title&quot;:&quot;test case: check service-description2&quot;,&quot;fullTitle&quot;:&quot;Testing Scholars Project test case: check service-description2&quot;,&quot;timedOut&quot;:false,&quot;duration&quot;:27,&quot;state&quot;:&quot;failed&quot;,&quot;pass&quot;:false,&quot;fail&quot;:true,&quot;pending&quot;:false,&quot;code&quot;:&quot;const element = await driver.findElement(By.css(\&quot;body\&quot;))\nconst text = await element.getText();\nassert.include(text, \&quot;How we serve you\&quot;, \&quot;Ensure you have the appropriate text for the service\&quot;);&quot;,&quot;err&quot;:{&quot;message&quot;:&quot;AssertionError: Ensure you have the appropriate text for the service: expected &#x27;Your file couldn’t be accessed\\nIt ma…&#x27; to include &#x27;How we serve you&#x27;&quot;,&quot;estack&quot;:&quot;AssertionError: Ensure you have the appropriate text for the service: expected &#x27;Your file couldn’t be accessed\\nIt ma…&#x27; to include &#x27;How we serve you&#x27;\n    at Context.&lt;anonymous&gt; (landing_page.js:67:20)\n    at processTicksAndRejections (internal/process/task_queues.js:93:5)&quot;},&quot;uuid&quot;:&quot;9925ec1e-040d-46e8-a3c4-3e1494720aa9&quot;,&quot;parentUUID&quot;:&quot;69938942-d935-4579-a6b0-317996600091&quot;,&quot;isHook&quot;:false,&quot;skipped&quot;:false},{&quot;title&quot;:&quot;test case: check service title-1&quot;,&quot;fullTitle&quot;:&quot;Testing Scholars Project test case: check service title-1&quot;,&quot;timedOut&quot;:false,&quot;duration&quot;:28,&quot;state&quot;:&quot;failed&quot;,&quot;pass&quot;:false,&quot;fail&quot;:true,&quot;pending&quot;:false,&quot;code&quot;:&quot;const element = await driver.findElement(By.css(\&quot;body\&quot;))\nconst text = await element.getText();\nassert.include(text, \&quot;Tell us where you are\&quot;, \&quot;Ensure you have the appropriate text for the service\&quot;);&quot;,&quot;err&quot;:{&quot;message&quot;:&quot;AssertionError: Ensure you have the appropriate text for the service: expected &#x27;Your file couldn’t be accessed\\nIt ma…&#x27; to include &#x27;Tell us where you are&#x27;&quot;,&quot;estack&quot;:&quot;AssertionError: Ensure you have the appropriate text for the service: expected &#x27;Your file couldn’t be accessed\\nIt ma…&#x27; to include &#x27;Tell us where you are&#x27;\n    at Context.&lt;anonymous&gt; (landing_page.js:73:20)\n    at processTicksAndRejections (internal/process/task_queues.js:93:5)&quot;},&quot;uuid&quot;:&quot;d076a3be-7e09-47cf-8ba5-aa326d3547ef&quot;,&quot;parentUUID&quot;:&quot;69938942-d935-4579-a6b0-317996600091&quot;,&quot;isHook&quot;:false,&quot;skipped&quot;:false},{&quot;title&quot;:&quot;test case: check service-title-2&quot;,&quot;fullTitle&quot;:&quot;Testing Scholars Project test case: check service-title-2&quot;,&quot;timedOut&quot;:false,&quot;duration&quot;:30,&quot;state&quot;:&quot;failed&quot;,&quot;pass&quot;:false,&quot;fail&quot;:true,&quot;pending&quot;:false,&quot;code&quot;:&quot;const element = await driver.findElement(By.css(\&quot;body\&quot;))\nconst text = await element.getText();\nassert.include(text, \&quot;Tell us what you want\&quot;, \&quot;Ensure you have the appropriate text for the service\&quot;);&quot;,&quot;err&quot;:{&quot;message&quot;:&quot;AssertionError: Ensure you have the appropriate text for the service: expected &#x27;Your file couldn’t be accessed\\nIt ma…&#x27; to include &#x27;Tell us what you want&#x27;&quot;,&quot;estack&quot;:&quot;AssertionError: Ensure you have the appropriate text for the service: expected &#x27;Your file couldn’t be accessed\\nIt ma…&#x27; to include &#x27;Tell us what you want&#x27;\n    at Context.&lt;anonymous&gt; (landing_page.js:79:20)\n    at processTicksAndRejections (internal/process/task_queues.js:93:5)&quot;},&quot;uuid&quot;:&quot;759d33ca-b111-4b5a-81ec-d4ed7d01e595&quot;,&quot;parentUUID&quot;:&quot;69938942-d935-4579-a6b0-317996600091&quot;,&quot;isHook&quot;:false,&quot;skipped&quot;:false},{&quot;title&quot;:&quot;test case: check service-title-3&quot;,&quot;fullTitle&quot;:&quot;Testing Scholars Project test case: check service-title-3&quot;,&quot;timedOut&quot;:false,&quot;duration&quot;:29,&quot;state&quot;:&quot;failed&quot;,&quot;pass&quot;:false,&quot;fail&quot;:true,&quot;pending&quot;:false,&quot;code&quot;:&quot;const element = await driver.findElement(By.css(\&quot;body\&quot;))\nconst text = await element.getText();\nassert.include(text, \&quot;We&#x27;ll come running\&quot;, \&quot;Ensure you have the appropriate text for the service\&quot;);&quot;,&quot;err&quot;:{&quot;message&quot;:&quot;AssertionError: Ensure you have the appropriate text for the service: expected &#x27;Your file couldn’t be accessed\\nIt ma…&#x27; to include &#x27;We\\&#x27;ll come running&#x27;&quot;,&quot;estack&quot;:&quot;AssertionError: Ensure you have the appropriate text for the service: expected &#x27;Your file couldn’t be accessed\\nIt ma…&#x27; to include &#x27;We\\&#x27;ll come running&#x27;\n    at Context.&lt;anonymous&gt; (landing_page.js:85:20)\n    at processTicksAndRejections (internal/process/task_queues.js:93:5)&quot;},&quot;uuid&quot;:&quot;96d1c4b2-849d-4323-afda-1969c0c66136&quot;,&quot;parentUUID&quot;:&quot;69938942-d935-4579-a6b0-317996600091&quot;,&quot;isHook&quot;:false,&quot;skipped&quot;:false},{&quot;title&quot;:&quot;test case: check footer&quot;,&quot;fullTitle&quot;:&quot;Testing Scholars Project test case: check footer&quot;,&quot;timedOut&quot;:false,&quot;duration&quot;:18,&quot;state&quot;:&quot;failed&quot;,&quot;pass&quot;:false,&quot;fail&quot;:true,&quot;pending&quot;:false,&quot;code&quot;:&quot;const element = await driver.findElement(By.css(\&quot;footer\&quot;))\nconst text = await element.getText();\nassert.include(text, \&quot;Contact us\&quot;, \&quot;Ensure you have the appropriate text as seen on the mock-up\&quot;);&quot;,&quot;err&quot;:{&quot;message&quot;:&quot;NoSuchElementError: no such element: Unable to locate element: {\&quot;method\&quot;:\&quot;css selector\&quot;,\&quot;selector\&quot;:\&quot;footer\&quot;}\n  (Session info: chrome=104.0.5112.102)&quot;,&quot;estack&quot;:&quot;NoSuchElementError: no such element: Unable to locate element: {\&quot;method\&quot;:\&quot;css selector\&quot;,\&quot;selector\&quot;:\&quot;footer\&quot;}\n  (Session info: chrome=104.0.5112.102)\n    at Object.throwDecodedError (C:\\Users\\HP\\Desktop\\Dufuna-CodeCamp-21\\tests\\node_modules\\selenium-webdriver\\lib\\error.js:522:15)\n    at parseHttpResponse (C:\\Users\\HP\\Desktop\\Dufuna-CodeCamp-21\\tests\\node_modules\\selenium-webdriver\\lib\\http.js:589:13)\n    at Executor.execute (C:\\Users\\HP\\Desktop\\Dufuna-CodeCamp-21\\tests\\node_modules\\selenium-webdriver\\lib\\http.js:514:28)\n    at processTicksAndRejections (internal/process/task_queues.js:93:5)\n    at async thenableWebDriverProxy.execute (C:\\Users\\HP\\Desktop\\Dufuna-CodeCamp-21\\tests\\node_modules\\selenium-webdriver\\lib\\webdriver.js:740:17)\n    at async Context.&lt;anonymous&gt; (landing_page.js:89:29)&quot;},&quot;uuid&quot;:&quot;a860ed62-a6ab-495d-bc69-0a4a6797f096&quot;,&quot;parentUUID&quot;:&quot;69938942-d935-4579-a6b0-317996600091&quot;,&quot;isHook&quot;:false,&quot;skipped&quot;:false},{&quot;title&quot;:&quot;test case: check terms &amp; conditions on footer&quot;,&quot;fullTitle&quot;:&quot;Testing Scholars Project test case: check terms &amp; conditions on footer&quot;,&quot;timedOut&quot;:false,&quot;duration&quot;:13,&quot;state&quot;:&quot;failed&quot;,&quot;pass&quot;:false,&quot;fail&quot;:true,&quot;pending&quot;:false,&quot;code&quot;:&quot;const element = await driver.findElement(By.css(\&quot;footer\&quot;))\nconst text = await element.getText();\nassert.include(text, \&quot;Terms &amp; Conditions . Privacy Policy\&quot;, \&quot;Ensure the texts on the footer is properly formated\&quot;);&quot;,&quot;err&quot;:{&quot;message&quot;:&quot;NoSuchElementError: no such element: Unable to locate element: {\&quot;method\&quot;:\&quot;css selector\&quot;,\&quot;selector\&quot;:\&quot;footer\&quot;}\n  (Session info: chrome=104.0.5112.102)&quot;,&quot;estack&quot;:&quot;NoSuchElementError: no such element: Unable to locate element: {\&quot;method\&quot;:\&quot;css selector\&quot;,\&quot;selector\&quot;:\&quot;footer\&quot;}\n  (Session info: chrome=104.0.5112.102)\n    at Object.throwDecodedError (C:\\Users\\HP\\Desktop\\Dufuna-CodeCamp-21\\tests\\node_modules\\selenium-webdriver\\lib\\error.js:522:15)\n    at parseHttpResponse (C:\\Users\\HP\\Desktop\\Dufuna-CodeCamp-21\\tests\\node_modules\\selenium-webdriver\\lib\\http.js:589:13)\n    at Executor.execute (C:\\Users\\HP\\Desktop\\Dufuna-CodeCamp-21\\tests\\node_modules\\selenium-webdriver\\lib\\http.js:514:28)\n    at processTicksAndRejections (internal/process/task_queues.js:93:5)\n    at async thenableWebDriverProxy.execute (C:\\Users\\HP\\Desktop\\Dufuna-CodeCamp-21\\tests\\node_modules\\selenium-webdriver\\lib\\webdriver.js:740:17)\n    at async Context.&lt;anonymous&gt; (landing_page.js:95:29)&quot;},&quot;uuid&quot;:&quot;7990dd06-7404-4f79-b8b7-606ffd2a1bea&quot;,&quot;parentUUID&quot;:&quot;69938942-d935-4579-a6b0-317996600091&quot;,&quot;isHook&quot;:false,&quot;skipped&quot;:false},{&quot;title&quot;:&quot;test case: check copyright on footer&quot;,&quot;fullTitle&quot;:&quot;Testing Scholars Project test case: check copyright on footer&quot;,&quot;timedOut&quot;:false,&quot;duration&quot;:11,&quot;state&quot;:&quot;failed&quot;,&quot;pass&quot;:false,&quot;fail&quot;:true,&quot;pending&quot;:false,&quot;code&quot;:&quot;const element = await driver.findElement(By.css(\&quot;footer\&quot;))\nconst text = await element.getText();\nassert.include(text, \&quot;Copyright 2021 FoodBag is a registered trademark\&quot;, \&quot;Ensure you have the appropriate text as seen on the mock-up\&quot;);&quot;,&quot;err&quot;:{&quot;message&quot;:&quot;NoSuchElementError: no such element: Unable to locate element: {\&quot;method\&quot;:\&quot;css selector\&quot;,\&quot;selector\&quot;:\&quot;footer\&quot;}\n  (Session info: chrome=104.0.5112.102)&quot;,&quot;estack&quot;:&quot;NoSuchElementError: no such element: Unable to locate element: {\&quot;method\&quot;:\&quot;css selector\&quot;,\&quot;selector\&quot;:\&quot;footer\&quot;}\n  (Session info: chrome=104.0.5112.102)\n    at Object.throwDecodedError (C:\\Users\\HP\\Desktop\\Dufuna-CodeCamp-21\\tests\\node_modules\\selenium-webdriver\\lib\\error.js:522:15)\n    at parseHttpResponse (C:\\Users\\HP\\Desktop\\Dufuna-CodeCamp-21\\tests\\node_modules\\selenium-webdriver\\lib\\http.js:589:13)\n    at Executor.execute (C:\\Users\\HP\\Desktop\\Dufuna-CodeCamp-21\\tests\\node_modules\\selenium-webdriver\\lib\\http.js:514:28)\n    at processTicksAndRejections (internal/process/task_queues.js:93:5)\n    at async thenableWebDriverProxy.execute (C:\\Users\\HP\\Desktop\\Dufuna-CodeCamp-21\\tests\\node_modules\\selenium-webdriver\\lib\\webdriver.js:740:17)\n    at async Context.&lt;anonymous&gt; (landing_page.js:101:29)&quot;},&quot;uuid&quot;:&quot;3ac30909-4373-46d0-bec5-83359f289cef&quot;,&quot;parentUUID&quot;:&quot;69938942-d935-4579-a6b0-317996600091&quot;,&quot;isHook&quot;:false,&quot;skipped&quot;:false},{&quot;title&quot;:&quot;test case: check input field&quot;,&quot;fullTitle&quot;:&quot;Testing Scholars Project test case: check input field&quot;,&quot;timedOut&quot;:false,&quot;duration&quot;:36,&quot;state&quot;:&quot;failed&quot;,&quot;pass&quot;:false,&quot;fail&quot;:true,&quot;pending&quot;:false,&quot;code&quot;:&quot;const input = await driver.findElements(By.css(&#x27;input&#x27;));\nconst size = input.length\nassert.equal(size, 1, `Ensure you have the input field as seen in the mock-up`);&quot;,&quot;err&quot;:{&quot;message&quot;:&quot;AssertionError: Ensure you have the input field as seen in the mock-up: expected +0 to equal 1&quot;,&quot;estack&quot;:&quot;AssertionError: Ensure you have the input field as seen in the mock-up: expected +0 to equal 1\n    at Context.&lt;anonymous&gt; (landing_page.js:109:20)\n    at processTicksAndRejections (internal/process/task_queues.js:93:5)&quot;,&quot;diff&quot;:&quot;- 0\n+ 1\n&quot;},&quot;uuid&quot;:&quot;f6275f81-c5f1-4087-aa31-7b7230b155fe&quot;,&quot;parentUUID&quot;:&quot;69938942-d935-4579-a6b0-317996600091&quot;,&quot;isHook&quot;:false,&quot;skipped&quot;:false},{&quot;title&quot;:&quot;test case: check placeholder&quot;,&quot;fullTitle&quot;:&quot;Testing Scholars Project test case: check placeholder&quot;,&quot;timedOut&quot;:false,&quot;duration&quot;:18,&quot;state&quot;:&quot;failed&quot;,&quot;pass&quot;:false,&quot;fail&quot;:true,&quot;pending&quot;:false,&quot;code&quot;:&quot;const element = await driver.findElement(By.css(&#x27;input&#x27;)).getAttribute(&#x27;placeholder&#x27;);\nassert.equal(element, \&quot;Enter your delivery address\&quot;, `Ensure you have the placeholder as seen in the mock-up`);&quot;,&quot;err&quot;:{&quot;message&quot;:&quot;NoSuchElementError: no such element: Unable to locate element: {\&quot;method\&quot;:\&quot;css selector\&quot;,\&quot;selector\&quot;:\&quot;input\&quot;}\n  (Session info: chrome=104.0.5112.102)&quot;,&quot;estack&quot;:&quot;NoSuchElementError: no such element: Unable to locate element: {\&quot;method\&quot;:\&quot;css selector\&quot;,\&quot;selector\&quot;:\&quot;input\&quot;}\n  (Session info: chrome=104.0.5112.102)\n    at Object.throwDecodedError (C:\\Users\\HP\\Desktop\\Dufuna-CodeCamp-21\\tests\\node_modules\\selenium-webdriver\\lib\\error.js:522:15)\n    at parseHttpResponse (C:\\Users\\HP\\Desktop\\Dufuna-CodeCamp-21\\tests\\node_modules\\selenium-webdriver\\lib\\http.js:589:13)\n    at Executor.execute (C:\\Users\\HP\\Desktop\\Dufuna-CodeCamp-21\\tests\\node_modules\\selenium-webdriver\\lib\\http.js:514:28)\n    at processTicksAndRejections (internal/process/task_queues.js:93:5)\n    at async thenableWebDriverProxy.execute (C:\\Users\\HP\\Desktop\\Dufuna-CodeCamp-21\\tests\\node_modules\\selenium-webdriver\\lib\\webdriver.js:740:17)\n    at async toWireValue (C:\\Users\\HP\\Desktop\\Dufuna-CodeCamp-21\\tests\\node_modules\\selenium-webdriver\\lib\\webdriver.js:141:15)\n    at async C:\\Users\\HP\\Desktop\\Dufuna-CodeCamp-21\\tests\\node_modules\\selenium-webdriver\\lib\\webdriver.js:191:16\n    at async forEachKey (C:\\Users\\HP\\Desktop\\Dufuna-CodeCamp-21\\tests\\node_modules\\selenium-webdriver\\lib\\webdriver.js:185:9)\n    at async convertKeys (C:\\Users\\HP\\Desktop\\Dufuna-CodeCamp-21\\tests\\node_modules\\selenium-webdriver\\lib\\webdriver.js:190:3)\n    at async thenableWebDriverProxy.execute (C:\\Users\\HP\\Desktop\\Dufuna-CodeCamp-21\\tests\\node_modules\\selenium-webdriver\\lib\\webdriver.js:738:22)\n    at async Context.&lt;anonymous&gt; (landing_page.js:113:29)&quot;},&quot;uuid&quot;:&quot;43c3590d-693d-4087-9cbf-d9d4dda080c9&quot;,&quot;parentUUID&quot;:&quot;69938942-d935-4579-a6b0-317996600091&quot;,&quot;isHook&quot;:false,&quot;skipped&quot;:false},{&quot;title&quot;:&quot;test case: check label of input-field&quot;,&quot;fullTitle&quot;:&quot;Testing Scholars Project test case: check label of input-field&quot;,&quot;timedOut&quot;:false,&quot;duration&quot;:32,&quot;state&quot;:&quot;failed&quot;,&quot;pass&quot;:false,&quot;fail&quot;:true,&quot;pending&quot;:false,&quot;code&quot;:&quot;const element = await driver.findElement(By.css(&#x27;body&#x27;)).getText();\nassert.include(element, \&quot;Where are you?\&quot;, `Ensure you have the input field as the appropriate label as seen in the mock-up`);&quot;,&quot;err&quot;:{&quot;message&quot;:&quot;AssertionError: Ensure you have the input field as the appropriate label as seen in the mock-up: expected &#x27;Your file couldn’t be accessed\\nIt ma…&#x27; to include &#x27;Where are you?&#x27;&quot;,&quot;estack&quot;:&quot;AssertionError: Ensure you have the input field as the appropriate label as seen in the mock-up: expected &#x27;Your file couldn’t be accessed\\nIt ma…&#x27; to include &#x27;Where are you?&#x27;\n    at Context.&lt;anonymous&gt; (landing_page.js:119:20)\n    at processTicksAndRejections (internal/process/task_queues.js:93:5)&quot;},&quot;uuid&quot;:&quot;383c8950-d8c4-41ec-ab88-b0109c3a6561&quot;,&quot;parentUUID&quot;:&quot;69938942-d935-4579-a6b0-317996600091&quot;,&quot;isHook&quot;:false,&quot;skipped&quot;:false},{&quot;title&quot;:&quot;test case: assert image amount is 10&quot;,&quot;fullTitle&quot;:&quot;Testing Scholars Project test case: assert image amount is 10&quot;,&quot;timedOut&quot;:false,&quot;duration&quot;:18,&quot;state&quot;:&quot;failed&quot;,&quot;pass&quot;:false,&quot;fail&quot;:true,&quot;pending&quot;:false,&quot;code&quot;:&quot;const images = await driver.findElements(By.css(&#x27;img&#x27;));\nconst size = images.length\nassert.equal(size, 10, `Ensure all the images are present on the page`);&quot;,&quot;err&quot;:{&quot;message&quot;:&quot;AssertionError: Ensure all the images are present on the page: expected 2 to equal 10&quot;,&quot;estack&quot;:&quot;AssertionError: Ensure all the images are present on the page: expected 2 to equal 10\n    at Context.&lt;anonymous&gt; (landing_page.js:125:20)\n    at processTicksAndRejections (internal/process/task_queues.js:93:5)&quot;,&quot;diff&quot;:&quot;- 2\n+ 10\n&quot;},&quot;uuid&quot;:&quot;b0a61909-1e90-430e-88f7-139adde316b1&quot;,&quot;parentUUID&quot;:&quot;69938942-d935-4579-a6b0-317996600091&quot;,&quot;isHook&quot;:false,&quot;skipped&quot;:false}],&quot;suites&quot;:[],&quot;passes&quot;:[],&quot;failures&quot;:[&quot;ce658572-e23b-4ad3-8569-cdd56c307c0e&quot;,&quot;d18699b2-d3bc-4b53-9608-7f5d9bc852e2&quot;,&quot;c625808a-8915-4774-8184-e5c591152d18&quot;,&quot;32e7879a-8ff0-47f6-afa1-72528e99e466&quot;,&quot;3b660fc6-6e56-4bb5-ae91-feb1471b7de2&quot;,&quot;edfcbaf3-c709-4983-ae26-86145b39fd8d&quot;,&quot;fc214913-b5e8-46e4-a9a2-8382071f6694&quot;,&quot;9925ec1e-040d-46e8-a3c4-3e1494720aa9&quot;,&quot;d076a3be-7e09-47cf-8ba5-aa326d3547ef&quot;,&quot;759d33ca-b111-4b5a-81ec-d4ed7d01e595&quot;,&quot;96d1c4b2-849d-4323-afda-1969c0c66136&quot;,&quot;a860ed62-a6ab-495d-bc69-0a4a6797f096&quot;,&quot;7990dd06-7404-4f79-b8b7-606ffd2a1bea&quot;,&quot;3ac30909-4373-46d0-bec5-83359f289cef&quot;,&quot;f6275f81-c5f1-4087-aa31-7b7230b155fe&quot;,&quot;43c3590d-693d-4087-9cbf-d9d4dda080c9&quot;,&quot;383c8950-d8c4-41ec-ab88-b0109c3a6561&quot;,&quot;b0a61909-1e90-430e-88f7-139adde316b1&quot;],&quot;pending&quot;:[],&quot;skipped&quot;:[],&quot;duration&quot;:699,&quot;root&quot;:false,&quot;rootEmpty&quot;:false,&quot;_timeout&quot;:180000}],&quot;passes&quot;:[],&quot;failures&quot;:[],&quot;pending&quot;:[],&quot;skipped&quot;:[],&quot;duration&quot;:0,&quot;root&quot;:true,&quot;rootEmpty&quot;:true,&quot;_timeout&quot;:2000}],&quot;meta&quot;:{&quot;mocha&quot;:{&quot;version&quot;:&quot;10.0.0&quot;},&quot;mochawesome&quot;:{&quot;options&quot;:{&quot;quiet&quot;:true,&quot;reportFilename&quot;:&quot;logfile&quot;,&quot;saveHtml&quot;:true,&quot;saveJson&quot;:true,&quot;consoleReporter&quot;:&quot;spec&quot;,&quot;useInlineDiffs&quot;:false,&quot;code&quot;:true},&quot;version&quot;:&quot;7.1.3&quot;},&quot;marge&quot;:{&quot;options&quot;:{&quot;reportDir&quot;:&quot;C:/Users/HP/Desktop/Dufuna-CodeCamp-21/tests/landing_page/../..//tests/&quot;,&quot;reportFilename&quot;:&quot;logfile&quot;,&quot;quiet&quot;:&quot;true&quot;},&quot;version&quot;:&quot;6.2.0&quot;}}}" data-config="{&quot;reportFilename&quot;:&quot;logfile&quot;,&quot;reportDir&quot;:&quot;C:/Users/HP/Desktop/Dufuna-CodeCamp-21/tests/landing_page/../..//tests/&quot;,&quot;reportTitle&quot;:&quot;landing_page&quot;,&quot;reportPageTitle&quot;:&quot;Mochawesome Report&quot;,&quot;inline&quot;:false,&quot;inlineAssets&quot;:false,&quot;cdn&quot;:false,&quot;charts&quot;:false,&quot;enableCharts&quot;:false,&quot;code&quot;:true,&quot;enableCode&quot;:true,&quot;autoOpen&quot;:false,&quot;overwrite&quot;:true,&quot;timestamp&quot;:false,&quot;ts&quot;:false,&quot;showPassed&quot;:true,&quot;showFailed&quot;:true,&quot;showPending&quot;:true,&quot;showSkipped&quot;:false,&quot;showHooks&quot;:&quot;failed&quot;,&quot;saveJson&quot;:true,&quot;saveHtml&quot;:true,&quot;dev&quot;:false,&quot;assetsDir&quot;:&quot;C:\\Users\\HP\\Desktop\\Dufuna-CodeCamp-21\\tests\\assets&quot;,&quot;jsonFile&quot;:&quot;C:\\Users\\HP\\Desktop\\Dufuna-CodeCamp-21\\tests\\logfile.json&quot;,&quot;htmlFile&quot;:&quot;C:\\Users\\HP\\Desktop\\Dufuna-CodeCamp-21\\tests\\logfile.html&quot;}"><div id="report"></div><script src="assets\app.js"></script></body></html>