{
  "stats": {
    "suites": 1,
    "tests": 18,
    "passes": 0,
    "pending": 0,
    "failures": 18,
    "start": "2022-08-24T17:15:50.633Z",
    "end": "2022-08-24T17:16:02.526Z",
    "duration": 11893,
    "testsRegistered": 18,
    "passPercent": 0,
    "pendingPercent": 0,
    "other": 0,
    "hasOther": false,
    "skipped": 0,
    "hasSkipped": false
  },
  "results": [
    {
      "uuid": "0268b12e-df43-4b0d-ba4b-315dc52579b5",
      "title": "",
      "fullFile": "C:\\Users\\HP\\Desktop\\Dufuna-CodeCamp-21\\tests\\landing_page\\landing_page.js",
      "file": "\\landing_page.js",
      "beforeHooks": [],
      "afterHooks": [],
      "tests": [],
      "suites": [
        {
          "uuid": "69938942-d935-4579-a6b0-317996600091",
          "title": "Testing Scholars Project",
          "fullFile": "C:\\Users\\HP\\Desktop\\Dufuna-CodeCamp-21\\tests\\landing_page\\landing_page.js",
          "file": "\\landing_page.js",
          "beforeHooks": [
            {
              "title": "\"before all\" hook: setupWebdriver in \"Testing Scholars Project\"",
              "fullTitle": "Testing Scholars Project \"before all\" hook: setupWebdriver in \"Testing Scholars Project\"",
              "timedOut": false,
              "duration": 10987,
              "state": null,
              "speed": null,
              "pass": false,
              "fail": false,
              "pending": false,
              "context": null,
              "code": "var file_url = `file://${file_path}`;\ndriver.get(file_url).then(done);",
              "err": {},
              "uuid": "ec1fa8d6-b257-4c16-bfa6-ce7479b135d4",
              "parentUUID": "69938942-d935-4579-a6b0-317996600091",
              "isHook": true,
              "skipped": false
            }
          ],
          "afterHooks": [
            {
              "title": "\"after all\" hook in \"Testing Scholars Project\"",
              "fullTitle": "Testing Scholars Project \"after all\" hook in \"Testing Scholars Project\"",
              "timedOut": false,
              "duration": 1,
              "state": null,
              "speed": null,
              "pass": false,
              "fail": false,
              "pending": false,
              "context": null,
              "code": "driver.quit();",
              "err": {},
              "uuid": "fd2979b3-2f92-4f27-99cc-392f99e704bf",
              "parentUUID": "69938942-d935-4579-a6b0-317996600091",
              "isHook": true,
              "skipped": false
            }
          ],
          "tests": [
            {
              "title": "test case: FoodBag Logo is present",
              "fullTitle": "Testing Scholars Project test case: FoodBag Logo is present",
              "timedOut": false,
              "duration": 249,
              "state": "failed",
              "speed": null,
              "pass": false,
              "fail": true,
              "pending": false,
              "context": null,
              "code": "const name = await driver.findElement(By.css(\"body\"));\nconst text = await name.getText();\nassert.include(text, \"Food\", `Ensure \"food bag\" text is present on header`);",
              "err": {
                "message": "AssertionError: Ensure \"food bag\" text is present on header: expected 'Your file couldn’t be accessed\\nIt ma…' to include 'Food'",
                "estack": "AssertionError: Ensure \"food bag\" text is present on header: expected 'Your file couldn’t be accessed\\nIt ma…' to include 'Food'\n    at Context.<anonymous> (landing_page.js:24:20)\n    at processTicksAndRejections (internal/process/task_queues.js:93:5)",
                "diff": null
              },
              "uuid": "ce658572-e23b-4ad3-8569-cdd56c307c0e",
              "parentUUID": "69938942-d935-4579-a6b0-317996600091",
              "isHook": false,
              "skipped": false
            },
            {
              "title": "test case: FoodBag Logo is present",
              "fullTitle": "Testing Scholars Project test case: FoodBag Logo is present",
              "timedOut": false,
              "duration": 55,
              "state": "failed",
              "speed": null,
              "pass": false,
              "fail": true,
              "pending": false,
              "context": null,
              "code": "const name = await driver.findElement(By.css(\"body\"));\nconst text = await name.getText();\nassert.include(text, \"Bag\", `Ensure \"food bag\" text is present on header`);",
              "err": {
                "message": "AssertionError: Ensure \"food bag\" text is present on header: expected 'Your file couldn’t be accessed\\nIt ma…' to include 'Bag'",
                "estack": "AssertionError: Ensure \"food bag\" text is present on header: expected 'Your file couldn’t be accessed\\nIt ma…' to include 'Bag'\n    at Context.<anonymous> (landing_page.js:30:20)\n    at processTicksAndRejections (internal/process/task_queues.js:93:5)",
                "diff": null
              },
              "uuid": "d18699b2-d3bc-4b53-9608-7f5d9bc852e2",
              "parentUUID": "69938942-d935-4579-a6b0-317996600091",
              "isHook": false,
              "skipped": false
            },
            {
              "title": "test case: FoodBag text is present on the page",
              "fullTitle": "Testing Scholars Project test case: FoodBag text is present on the page",
              "timedOut": false,
              "duration": 31,
              "state": "failed",
              "speed": null,
              "pass": false,
              "fail": true,
              "pending": false,
              "context": null,
              "code": "const name = await driver.findElement(By.css(\"body\"));\nconst text = await name.getText();\nassert.include(text, \"FoodBag\", `Ensure \"FoodBag\" text is present`);",
              "err": {
                "message": "AssertionError: Ensure \"FoodBag\" text is present: expected 'Your file couldn’t be accessed\\nIt ma…' to include 'FoodBag'",
                "estack": "AssertionError: Ensure \"FoodBag\" text is present: expected 'Your file couldn’t be accessed\\nIt ma…' to include 'FoodBag'\n    at Context.<anonymous> (landing_page.js:36:20)\n    at processTicksAndRejections (internal/process/task_queues.js:93:5)",
                "diff": null
              },
              "uuid": "c625808a-8915-4774-8184-e5c591152d18",
              "parentUUID": "69938942-d935-4579-a6b0-317996600091",
              "isHook": false,
              "skipped": false
            },
            {
              "title": "test case: check Login",
              "fullTitle": "Testing Scholars Project test case: check Login",
              "timedOut": false,
              "duration": 27,
              "state": "failed",
              "speed": null,
              "pass": false,
              "fail": true,
              "pending": false,
              "context": null,
              "code": "const element = await driver.findElement(By.css(\"body\"))\nconst text = await element.getText();\nassert.include(text, \"Login\", \"Ensure the `Login` link is present on the header\");",
              "err": {
                "message": "AssertionError: Ensure the `Login` link is present on the header: expected 'Your file couldn’t be accessed\\nIt ma…' to include 'Login'",
                "estack": "AssertionError: Ensure the `Login` link is present on the header: expected 'Your file couldn’t be accessed\\nIt ma…' to include 'Login'\n    at Context.<anonymous> (landing_page.js:43:20)\n    at processTicksAndRejections (internal/process/task_queues.js:93:5)",
                "diff": null
              },
              "uuid": "32e7879a-8ff0-47f6-afa1-72528e99e466",
              "parentUUID": "69938942-d935-4579-a6b0-317996600091",
              "isHook": false,
              "skipped": false
            },
            {
              "title": "test case: check Cart",
              "fullTitle": "Testing Scholars Project test case: check Cart",
              "timedOut": false,
              "duration": 25,
              "state": "failed",
              "speed": null,
              "pass": false,
              "fail": true,
              "pending": false,
              "context": null,
              "code": "const element = await driver.findElement(By.css(\"body\"))\nconst text = await element.getText();\nassert.include(text, \"Cart\", \"Ensure the `Cart` link is present on the header\");",
              "err": {
                "message": "AssertionError: Ensure the `Cart` link is present on the header: expected 'Your file couldn’t be accessed\\nIt ma…' to include 'Cart'",
                "estack": "AssertionError: Ensure the `Cart` link is present on the header: expected 'Your file couldn’t be accessed\\nIt ma…' to include 'Cart'\n    at Context.<anonymous> (landing_page.js:49:20)\n    at processTicksAndRejections (internal/process/task_queues.js:93:5)",
                "diff": null
              },
              "uuid": "3b660fc6-6e56-4bb5-ae91-feb1471b7de2",
              "parentUUID": "69938942-d935-4579-a6b0-317996600091",
              "isHook": false,
              "skipped": false
            },
            {
              "title": "test case: check Sign up",
              "fullTitle": "Testing Scholars Project test case: check Sign up",
              "timedOut": false,
              "duration": 27,
              "state": "failed",
              "speed": null,
              "pass": false,
              "fail": true,
              "pending": false,
              "context": null,
              "code": "const element = await driver.findElement(By.css(\"body\"))\nconst text = await element.getText();\nassert.include(text, \"Sign up\", \"Ensure the `Sign up` link is present on the header\");",
              "err": {
                "message": "AssertionError: Ensure the `Sign up` link is present on the header: expected 'Your file couldn’t be accessed\\nIt ma…' to include 'Sign up'",
                "estack": "AssertionError: Ensure the `Sign up` link is present on the header: expected 'Your file couldn’t be accessed\\nIt ma…' to include 'Sign up'\n    at Context.<anonymous> (landing_page.js:55:20)\n    at processTicksAndRejections (internal/process/task_queues.js:93:5)",
                "diff": null
              },
              "uuid": "edfcbaf3-c709-4983-ae26-86145b39fd8d",
              "parentUUID": "69938942-d935-4579-a6b0-317996600091",
              "isHook": false,
              "skipped": false
            },
            {
              "title": "test case: check service-descrption1",
              "fullTitle": "Testing Scholars Project test case: check service-descrption1",
              "timedOut": false,
              "duration": 25,
              "state": "failed",
              "speed": null,
              "pass": false,
              "fail": true,
              "pending": false,
              "context": null,
              "code": "const element = await driver.findElement(By.css(\"body\"))\nconst text = await element.getText();\nassert.include(text, \"Pick an interest\", \"Ensure Quantity label is present\");",
              "err": {
                "message": "AssertionError: Ensure Quantity label is present: expected 'Your file couldn’t be accessed\\nIt ma…' to include 'Pick an interest'",
                "estack": "AssertionError: Ensure Quantity label is present: expected 'Your file couldn’t be accessed\\nIt ma…' to include 'Pick an interest'\n    at Context.<anonymous> (landing_page.js:61:20)\n    at processTicksAndRejections (internal/process/task_queues.js:93:5)",
                "diff": null
              },
              "uuid": "fc214913-b5e8-46e4-a9a2-8382071f6694",
              "parentUUID": "69938942-d935-4579-a6b0-317996600091",
              "isHook": false,
              "skipped": false
            },
            {
              "title": "test case: check service-description2",
              "fullTitle": "Testing Scholars Project test case: check service-description2",
              "timedOut": false,
              "duration": 27,
              "state": "failed",
              "speed": null,
              "pass": false,
              "fail": true,
              "pending": false,
              "context": null,
              "code": "const element = await driver.findElement(By.css(\"body\"))\nconst text = await element.getText();\nassert.include(text, \"How we serve you\", \"Ensure you have the appropriate text for the service\");",
              "err": {
                "message": "AssertionError: Ensure you have the appropriate text for the service: expected 'Your file couldn’t be accessed\\nIt ma…' to include 'How we serve you'",
                "estack": "AssertionError: Ensure you have the appropriate text for the service: expected 'Your file couldn’t be accessed\\nIt ma…' to include 'How we serve you'\n    at Context.<anonymous> (landing_page.js:67:20)\n    at processTicksAndRejections (internal/process/task_queues.js:93:5)",
                "diff": null
              },
              "uuid": "9925ec1e-040d-46e8-a3c4-3e1494720aa9",
              "parentUUID": "69938942-d935-4579-a6b0-317996600091",
              "isHook": false,
              "skipped": false
            },
            {
              "title": "test case: check service title-1",
              "fullTitle": "Testing Scholars Project test case: check service title-1",
              "timedOut": false,
              "duration": 28,
              "state": "failed",
              "speed": null,
              "pass": false,
              "fail": true,
              "pending": false,
              "context": null,
              "code": "const element = await driver.findElement(By.css(\"body\"))\nconst text = await element.getText();\nassert.include(text, \"Tell us where you are\", \"Ensure you have the appropriate text for the service\");",
              "err": {
                "message": "AssertionError: Ensure you have the appropriate text for the service: expected 'Your file couldn’t be accessed\\nIt ma…' to include 'Tell us where you are'",
                "estack": "AssertionError: Ensure you have the appropriate text for the service: expected 'Your file couldn’t be accessed\\nIt ma…' to include 'Tell us where you are'\n    at Context.<anonymous> (landing_page.js:73:20)\n    at processTicksAndRejections (internal/process/task_queues.js:93:5)",
                "diff": null
              },
              "uuid": "d076a3be-7e09-47cf-8ba5-aa326d3547ef",
              "parentUUID": "69938942-d935-4579-a6b0-317996600091",
              "isHook": false,
              "skipped": false
            },
            {
              "title": "test case: check service-title-2",
              "fullTitle": "Testing Scholars Project test case: check service-title-2",
              "timedOut": false,
              "duration": 30,
              "state": "failed",
              "speed": null,
              "pass": false,
              "fail": true,
              "pending": false,
              "context": null,
              "code": "const element = await driver.findElement(By.css(\"body\"))\nconst text = await element.getText();\nassert.include(text, \"Tell us what you want\", \"Ensure you have the appropriate text for the service\");",
              "err": {
                "message": "AssertionError: Ensure you have the appropriate text for the service: expected 'Your file couldn’t be accessed\\nIt ma…' to include 'Tell us what you want'",
                "estack": "AssertionError: Ensure you have the appropriate text for the service: expected 'Your file couldn’t be accessed\\nIt ma…' to include 'Tell us what you want'\n    at Context.<anonymous> (landing_page.js:79:20)\n    at processTicksAndRejections (internal/process/task_queues.js:93:5)",
                "diff": null
              },
              "uuid": "759d33ca-b111-4b5a-81ec-d4ed7d01e595",
              "parentUUID": "69938942-d935-4579-a6b0-317996600091",
              "isHook": false,
              "skipped": false
            },
            {
              "title": "test case: check service-title-3",
              "fullTitle": "Testing Scholars Project test case: check service-title-3",
              "timedOut": false,
              "duration": 29,
              "state": "failed",
              "speed": null,
              "pass": false,
              "fail": true,
              "pending": false,
              "context": null,
              "code": "const element = await driver.findElement(By.css(\"body\"))\nconst text = await element.getText();\nassert.include(text, \"We'll come running\", \"Ensure you have the appropriate text for the service\");",
              "err": {
                "message": "AssertionError: Ensure you have the appropriate text for the service: expected 'Your file couldn’t be accessed\\nIt ma…' to include 'We\\'ll come running'",
                "estack": "AssertionError: Ensure you have the appropriate text for the service: expected 'Your file couldn’t be accessed\\nIt ma…' to include 'We\\'ll come running'\n    at Context.<anonymous> (landing_page.js:85:20)\n    at processTicksAndRejections (internal/process/task_queues.js:93:5)",
                "diff": null
              },
              "uuid": "96d1c4b2-849d-4323-afda-1969c0c66136",
              "parentUUID": "69938942-d935-4579-a6b0-317996600091",
              "isHook": false,
              "skipped": false
            },
            {
              "title": "test case: check footer",
              "fullTitle": "Testing Scholars Project test case: check footer",
              "timedOut": false,
              "duration": 18,
              "state": "failed",
              "speed": null,
              "pass": false,
              "fail": true,
              "pending": false,
              "context": null,
              "code": "const element = await driver.findElement(By.css(\"footer\"))\nconst text = await element.getText();\nassert.include(text, \"Contact us\", \"Ensure you have the appropriate text as seen on the mock-up\");",
              "err": {
                "message": "NoSuchElementError: no such element: Unable to locate element: {\"method\":\"css selector\",\"selector\":\"footer\"}\n  (Session info: chrome=104.0.5112.102)",
                "estack": "NoSuchElementError: no such element: Unable to locate element: {\"method\":\"css selector\",\"selector\":\"footer\"}\n  (Session info: chrome=104.0.5112.102)\n    at Object.throwDecodedError (C:\\Users\\HP\\Desktop\\Dufuna-CodeCamp-21\\tests\\node_modules\\selenium-webdriver\\lib\\error.js:522:15)\n    at parseHttpResponse (C:\\Users\\HP\\Desktop\\Dufuna-CodeCamp-21\\tests\\node_modules\\selenium-webdriver\\lib\\http.js:589:13)\n    at Executor.execute (C:\\Users\\HP\\Desktop\\Dufuna-CodeCamp-21\\tests\\node_modules\\selenium-webdriver\\lib\\http.js:514:28)\n    at processTicksAndRejections (internal/process/task_queues.js:93:5)\n    at async thenableWebDriverProxy.execute (C:\\Users\\HP\\Desktop\\Dufuna-CodeCamp-21\\tests\\node_modules\\selenium-webdriver\\lib\\webdriver.js:740:17)\n    at async Context.<anonymous> (landing_page.js:89:29)",
                "diff": null
              },
              "uuid": "a860ed62-a6ab-495d-bc69-0a4a6797f096",
              "parentUUID": "69938942-d935-4579-a6b0-317996600091",
              "isHook": false,
              "skipped": false
            },
            {
              "title": "test case: check terms & conditions on footer",
              "fullTitle": "Testing Scholars Project test case: check terms & conditions on footer",
              "timedOut": false,
              "duration": 13,
              "state": "failed",
              "speed": null,
              "pass": false,
              "fail": true,
              "pending": false,
              "context": null,
              "code": "const element = await driver.findElement(By.css(\"footer\"))\nconst text = await element.getText();\nassert.include(text, \"Terms & Conditions . Privacy Policy\", \"Ensure the texts on the footer is properly formated\");",
              "err": {
                "message": "NoSuchElementError: no such element: Unable to locate element: {\"method\":\"css selector\",\"selector\":\"footer\"}\n  (Session info: chrome=104.0.5112.102)",
                "estack": "NoSuchElementError: no such element: Unable to locate element: {\"method\":\"css selector\",\"selector\":\"footer\"}\n  (Session info: chrome=104.0.5112.102)\n    at Object.throwDecodedError (C:\\Users\\HP\\Desktop\\Dufuna-CodeCamp-21\\tests\\node_modules\\selenium-webdriver\\lib\\error.js:522:15)\n    at parseHttpResponse (C:\\Users\\HP\\Desktop\\Dufuna-CodeCamp-21\\tests\\node_modules\\selenium-webdriver\\lib\\http.js:589:13)\n    at Executor.execute (C:\\Users\\HP\\Desktop\\Dufuna-CodeCamp-21\\tests\\node_modules\\selenium-webdriver\\lib\\http.js:514:28)\n    at processTicksAndRejections (internal/process/task_queues.js:93:5)\n    at async thenableWebDriverProxy.execute (C:\\Users\\HP\\Desktop\\Dufuna-CodeCamp-21\\tests\\node_modules\\selenium-webdriver\\lib\\webdriver.js:740:17)\n    at async Context.<anonymous> (landing_page.js:95:29)",
                "diff": null
              },
              "uuid": "7990dd06-7404-4f79-b8b7-606ffd2a1bea",
              "parentUUID": "69938942-d935-4579-a6b0-317996600091",
              "isHook": false,
              "skipped": false
            },
            {
              "title": "test case: check copyright on footer",
              "fullTitle": "Testing Scholars Project test case: check copyright on footer",
              "timedOut": false,
              "duration": 11,
              "state": "failed",
              "speed": null,
              "pass": false,
              "fail": true,
              "pending": false,
              "context": null,
              "code": "const element = await driver.findElement(By.css(\"footer\"))\nconst text = await element.getText();\nassert.include(text, \"Copyright 2021 FoodBag is a registered trademark\", \"Ensure you have the appropriate text as seen on the mock-up\");",
              "err": {
                "message": "NoSuchElementError: no such element: Unable to locate element: {\"method\":\"css selector\",\"selector\":\"footer\"}\n  (Session info: chrome=104.0.5112.102)",
                "estack": "NoSuchElementError: no such element: Unable to locate element: {\"method\":\"css selector\",\"selector\":\"footer\"}\n  (Session info: chrome=104.0.5112.102)\n    at Object.throwDecodedError (C:\\Users\\HP\\Desktop\\Dufuna-CodeCamp-21\\tests\\node_modules\\selenium-webdriver\\lib\\error.js:522:15)\n    at parseHttpResponse (C:\\Users\\HP\\Desktop\\Dufuna-CodeCamp-21\\tests\\node_modules\\selenium-webdriver\\lib\\http.js:589:13)\n    at Executor.execute (C:\\Users\\HP\\Desktop\\Dufuna-CodeCamp-21\\tests\\node_modules\\selenium-webdriver\\lib\\http.js:514:28)\n    at processTicksAndRejections (internal/process/task_queues.js:93:5)\n    at async thenableWebDriverProxy.execute (C:\\Users\\HP\\Desktop\\Dufuna-CodeCamp-21\\tests\\node_modules\\selenium-webdriver\\lib\\webdriver.js:740:17)\n    at async Context.<anonymous> (landing_page.js:101:29)",
                "diff": null
              },
              "uuid": "3ac30909-4373-46d0-bec5-83359f289cef",
              "parentUUID": "69938942-d935-4579-a6b0-317996600091",
              "isHook": false,
              "skipped": false
            },
            {
              "title": "test case: check input field",
              "fullTitle": "Testing Scholars Project test case: check input field",
              "timedOut": false,
              "duration": 36,
              "state": "failed",
              "speed": null,
              "pass": false,
              "fail": true,
              "pending": false,
              "context": null,
              "code": "const input = await driver.findElements(By.css('input'));\nconst size = input.length\nassert.equal(size, 1, `Ensure you have the input field as seen in the mock-up`);",
              "err": {
                "message": "AssertionError: Ensure you have the input field as seen in the mock-up: expected +0 to equal 1",
                "estack": "AssertionError: Ensure you have the input field as seen in the mock-up: expected +0 to equal 1\n    at Context.<anonymous> (landing_page.js:109:20)\n    at processTicksAndRejections (internal/process/task_queues.js:93:5)",
                "diff": "- 0\n+ 1\n"
              },
              "uuid": "f6275f81-c5f1-4087-aa31-7b7230b155fe",
              "parentUUID": "69938942-d935-4579-a6b0-317996600091",
              "isHook": false,
              "skipped": false
            },
            {
              "title": "test case: check placeholder",
              "fullTitle": "Testing Scholars Project test case: check placeholder",
              "timedOut": false,
              "duration": 18,
              "state": "failed",
              "speed": null,
              "pass": false,
              "fail": true,
              "pending": false,
              "context": null,
              "code": "const element = await driver.findElement(By.css('input')).getAttribute('placeholder');\nassert.equal(element, \"Enter your delivery address\", `Ensure you have the placeholder as seen in the mock-up`);",
              "err": {
                "message": "NoSuchElementError: no such element: Unable to locate element: {\"method\":\"css selector\",\"selector\":\"input\"}\n  (Session info: chrome=104.0.5112.102)",
                "estack": "NoSuchElementError: no such element: Unable to locate element: {\"method\":\"css selector\",\"selector\":\"input\"}\n  (Session info: chrome=104.0.5112.102)\n    at Object.throwDecodedError (C:\\Users\\HP\\Desktop\\Dufuna-CodeCamp-21\\tests\\node_modules\\selenium-webdriver\\lib\\error.js:522:15)\n    at parseHttpResponse (C:\\Users\\HP\\Desktop\\Dufuna-CodeCamp-21\\tests\\node_modules\\selenium-webdriver\\lib\\http.js:589:13)\n    at Executor.execute (C:\\Users\\HP\\Desktop\\Dufuna-CodeCamp-21\\tests\\node_modules\\selenium-webdriver\\lib\\http.js:514:28)\n    at processTicksAndRejections (internal/process/task_queues.js:93:5)\n    at async thenableWebDriverProxy.execute (C:\\Users\\HP\\Desktop\\Dufuna-CodeCamp-21\\tests\\node_modules\\selenium-webdriver\\lib\\webdriver.js:740:17)\n    at async toWireValue (C:\\Users\\HP\\Desktop\\Dufuna-CodeCamp-21\\tests\\node_modules\\selenium-webdriver\\lib\\webdriver.js:141:15)\n    at async C:\\Users\\HP\\Desktop\\Dufuna-CodeCamp-21\\tests\\node_modules\\selenium-webdriver\\lib\\webdriver.js:191:16\n    at async forEachKey (C:\\Users\\HP\\Desktop\\Dufuna-CodeCamp-21\\tests\\node_modules\\selenium-webdriver\\lib\\webdriver.js:185:9)\n    at async convertKeys (C:\\Users\\HP\\Desktop\\Dufuna-CodeCamp-21\\tests\\node_modules\\selenium-webdriver\\lib\\webdriver.js:190:3)\n    at async thenableWebDriverProxy.execute (C:\\Users\\HP\\Desktop\\Dufuna-CodeCamp-21\\tests\\node_modules\\selenium-webdriver\\lib\\webdriver.js:738:22)\n    at async Context.<anonymous> (landing_page.js:113:29)",
                "diff": null
              },
              "uuid": "43c3590d-693d-4087-9cbf-d9d4dda080c9",
              "parentUUID": "69938942-d935-4579-a6b0-317996600091",
              "isHook": false,
              "skipped": false
            },
            {
              "title": "test case: check label of input-field",
              "fullTitle": "Testing Scholars Project test case: check label of input-field",
              "timedOut": false,
              "duration": 32,
              "state": "failed",
              "speed": null,
              "pass": false,
              "fail": true,
              "pending": false,
              "context": null,
              "code": "const element = await driver.findElement(By.css('body')).getText();\nassert.include(element, \"Where are you?\", `Ensure you have the input field as the appropriate label as seen in the mock-up`);",
              "err": {
                "message": "AssertionError: Ensure you have the input field as the appropriate label as seen in the mock-up: expected 'Your file couldn’t be accessed\\nIt ma…' to include 'Where are you?'",
                "estack": "AssertionError: Ensure you have the input field as the appropriate label as seen in the mock-up: expected 'Your file couldn’t be accessed\\nIt ma…' to include 'Where are you?'\n    at Context.<anonymous> (landing_page.js:119:20)\n    at processTicksAndRejections (internal/process/task_queues.js:93:5)",
                "diff": null
              },
              "uuid": "383c8950-d8c4-41ec-ab88-b0109c3a6561",
              "parentUUID": "69938942-d935-4579-a6b0-317996600091",
              "isHook": false,
              "skipped": false
            },
            {
              "title": "test case: assert image amount is 10",
              "fullTitle": "Testing Scholars Project test case: assert image amount is 10",
              "timedOut": false,
              "duration": 18,
              "state": "failed",
              "speed": null,
              "pass": false,
              "fail": true,
              "pending": false,
              "context": null,
              "code": "const images = await driver.findElements(By.css('img'));\nconst size = images.length\nassert.equal(size, 10, `Ensure all the images are present on the page`);",
              "err": {
                "message": "AssertionError: Ensure all the images are present on the page: expected 2 to equal 10",
                "estack": "AssertionError: Ensure all the images are present on the page: expected 2 to equal 10\n    at Context.<anonymous> (landing_page.js:125:20)\n    at processTicksAndRejections (internal/process/task_queues.js:93:5)",
                "diff": "- 2\n+ 10\n"
              },
              "uuid": "b0a61909-1e90-430e-88f7-139adde316b1",
              "parentUUID": "69938942-d935-4579-a6b0-317996600091",
              "isHook": false,
              "skipped": false
            }
          ],
          "suites": [],
          "passes": [],
          "failures": [
            "ce658572-e23b-4ad3-8569-cdd56c307c0e",
            "d18699b2-d3bc-4b53-9608-7f5d9bc852e2",
            "c625808a-8915-4774-8184-e5c591152d18",
            "32e7879a-8ff0-47f6-afa1-72528e99e466",
            "3b660fc6-6e56-4bb5-ae91-feb1471b7de2",
            "edfcbaf3-c709-4983-ae26-86145b39fd8d",
            "fc214913-b5e8-46e4-a9a2-8382071f6694",
            "9925ec1e-040d-46e8-a3c4-3e1494720aa9",
            "d076a3be-7e09-47cf-8ba5-aa326d3547ef",
            "759d33ca-b111-4b5a-81ec-d4ed7d01e595",
            "96d1c4b2-849d-4323-afda-1969c0c66136",
            "a860ed62-a6ab-495d-bc69-0a4a6797f096",
            "7990dd06-7404-4f79-b8b7-606ffd2a1bea",
            "3ac30909-4373-46d0-bec5-83359f289cef",
            "f6275f81-c5f1-4087-aa31-7b7230b155fe",
            "43c3590d-693d-4087-9cbf-d9d4dda080c9",
            "383c8950-d8c4-41ec-ab88-b0109c3a6561",
            "b0a61909-1e90-430e-88f7-139adde316b1"
          ],
          "pending": [],
          "skipped": [],
          "duration": 699,
          "root": false,
          "rootEmpty": false,
          "_timeout": 180000
        }
      ],
      "passes": [],
      "failures": [],
      "pending": [],
      "skipped": [],
      "duration": 0,
      "root": true,
      "rootEmpty": true,
      "_timeout": 2000
    }
  ],
  "meta": {
    "mocha": {
      "version": "10.0.0"
    },
    "mochawesome": {
      "options": {
        "quiet": true,
        "reportFilename": "logfile",
        "saveHtml": true,
        "saveJson": true,
        "consoleReporter": "spec",
        "useInlineDiffs": false,
        "code": true
      },
      "version": "7.1.3"
    },
    "marge": {
      "options": {
        "reportDir": "C:/Users/HP/Desktop/Dufuna-CodeCamp-21/tests/landing_page/../..//tests/",
        "reportFilename": "logfile",
        "quiet": "true"
      },
      "version": "6.2.0"
    }
  }
}